<!DOCTYPE html PUBLIC "-//W3C//DTD XHTML 1.1//EN" "https://www.w3.org/TR/xhtml11/DTD/xhtml11.dtd">
<html xmlns="https://www.w3.org/1999/xhtml">
<head>
<meta http-equiv="content-type" content="text/html; charset=UTF-8"/>
<title>TestNG Report</title>
<style type="text/css">table {margin-bottom:10px;border-collapse:collapse;empty-cells:show}th,td {border:1px solid #009;padding:.25em .5em}th {vertical-align:bottom}td {vertical-align:top}table a {font-weight:bold}.stripe td {background-color: #E6EBF9}.num {text-align:right}.passedodd td {background-color: #3F3}.passedeven td {background-color: #0A0}.skippedodd td {background-color: #DDD}.skippedeven td {background-color: #CCC}.failedodd td,.attn {background-color: #F33}.failedeven td,.stripe .attn {background-color: #D00}.stacktrace {white-space:pre;font-family:monospace}.totop {font-size:85%;text-align:center;border-bottom:2px solid #000}.invisible {display:none}</style>
</head>
<body>
<table>
<tr><th>Test</th><th># Passed</th><th># Skipped</th><th># Retried</th><th># Failed</th><th>Time (ms)</th><th>Included Groups</th><th>Excluded Groups</th></tr>
<tr><th colspan="8">TimeAndFees Automation Suite</th></tr>
<tr><td><a href="#t0">TimeAndFees Functional Tests</a></td><td class="num">5</td><td class="num">0</td><td class="num">0</td><td class="num attn">3</td><td class="num">193,548</td><td></td><td></td></tr>
</table>
<table id='summary'><thead><tr><th>Class</th><th>Method</th><th>Start</th><th>Time (ms)</th></tr></thead><tbody><tr><th colspan="4">TimeAndFees Automation Suite</th></tr></tbody><tbody id="t0"><tr><th colspan="4">TimeAndFees Functional Tests &#8212; failed</th></tr><tr class="failedeven"><td rowspan="1">com.TimeAndFees.RunnerFiles.TimeAndFees_Manage_Runner</td><td><a href="#m0">runScenario</a></td><td rowspan="1">1760696140589</td><td rowspan="1">33428</td></tr><tr class="failedodd"><td rowspan="2">com.TimeAndFees.RunnerFiles.TimeAndFees_Time_Runner</td><td><a href="#m1">runScenario</a></td><td rowspan="2">1760696193568</td><td rowspan="2">36749</td></tr><tr class="failedodd"><td><a href="#m2">runScenario</a></td></tr><tr><th colspan="4">TimeAndFees Functional Tests &#8212; passed</th></tr><tr class="passedeven"><td rowspan="3">com.TimeAndFees.RunnerFiles.TimeAndFees_AccountMenu_Runner</td><td><a href="#m3">runScenario</a></td><td rowspan="3">1760696140589</td><td rowspan="3">41536</td></tr><tr class="passedeven"><td><a href="#m4">runScenario</a></td></tr><tr class="passedeven"><td><a href="#m5">runScenario</a></td></tr><tr class="passedodd"><td rowspan="2">com.TimeAndFees.RunnerFiles.TimeAndFees_Manage_Runner</td><td><a href="#m6">runScenario</a></td><td rowspan="2">1760696174026</td><td rowspan="2">32177</td></tr><tr class="passedodd"><td><a href="#m7">runScenario</a></td></tr></tbody>
</table>
<h2>TimeAndFees Functional Tests</h2><h3 id="m0">com.TimeAndFees.RunnerFiles.TimeAndFees_Manage_Runner#runScenario</h3><table class="result"><tr class="param"><th>Parameter #1</th><th>Parameter #2</th></tr><tr class="param stripe"><td>&quot;Manage validateion&quot;</td><td>&quot;Manage&quot;</td></tr><tr><th colspan="2">Exception</th></tr><tr><td colspan="2"><div class="stacktrace">java.io.FileNotFoundException: D:\TimeandFees_5.0\src\test\resources\invoice_data_template.xlsx (The system cannot find the path specified)
	at java.base/java.io.FileInputStream.open0(Native Method)
	at java.base/java.io.FileInputStream.open(FileInputStream.java:213)
	at java.base/java.io.FileInputStream.&lt;init&gt;(FileInputStream.java:152)
	at java.base/java.io.FileInputStream.&lt;init&gt;(FileInputStream.java:106)
	at com.TimeAndFees.Actions.ManageAction.ClientCreation(ManageAction.java:83)
	at com.TimeAndFees.Stepdefinations.ManageStepDef.client_create_in_time_and_fees(ManageStepDef.java:43)
	at ✽.client Create in Time and Fees(file:///C:/Users/satishkumar.silphoz/Documents/2024Automation/Master/TimeAndFees/src/test/resources/TimeAndFees_FeatuteFiles/MangaeFeature.feature:16)
</div></td></tr></table><p class="totop"><a href="#summary">back to summary</a></p>
<h3 id="m1">com.TimeAndFees.RunnerFiles.TimeAndFees_Time_Runner#runScenario</h3><table class="result"><tr class="param"><th>Parameter #1</th><th>Parameter #2</th></tr><tr class="param stripe"><td>&quot;Validate user dropdown and verify&quot;</td><td>&quot;TimeandFees time tab&quot;</td></tr><tr><th colspan="2">Exception</th></tr><tr><td colspan="2"><div class="stacktrace">org.openqa.selenium.TimeoutException: Expected condition failed: waiting for element to be clickable: Proxy element for: DefaultElementLocator &apos;By.xpath: //span[contains(@class, &apos;ng-value-label&apos;) and normalize-space(text())=&apos;Parekh Pratham&apos;]/ancestor::ng-select&apos; (tried for 10 second(s) with 500 milliseconds interval)
	at org.openqa.selenium.support.ui.WebDriverWait.timeoutException(WebDriverWait.java:84)
	at org.openqa.selenium.support.ui.FluentWait.until(FluentWait.java:228)
	at com.TimeAndFees.Actions.TimeActions.click_on_user_dropdown(TimeActions.java:165)
	at com.TimeAndFees.Stepdefinations.TimeStepDef.click_on_user_dropdown(TimeStepDef.java:72)
	at ✽.click on user dropdown(file:///C:/Users/satishkumar.silphoz/Documents/2024Automation/Master/TimeAndFees/src/test/resources/TimeAndFees_FeatuteFiles/TimeFeature.feature:25)
Caused by: org.openqa.selenium.NoSuchElementException: no such element: Unable to locate element: {&quot;method&quot;:&quot;xpath&quot;,&quot;selector&quot;:&quot;//span[contains(@class, &apos;ng-value-label&apos;) and normalize-space(text())=&apos;Parekh Pratham&apos;]/ancestor::ng-select&quot;}
  (Session info: chrome=141.0.7390.78)
For documentation on this error, please visit: https://www.selenium.dev/documentation/webdriver/troubleshooting/errors#no-such-element-exception
Build info: version: &apos;4.23.0&apos;, revision: &apos;4df0a231af&apos;
System info: os.name: &apos;Windows Server 2019&apos;, os.arch: &apos;amd64&apos;, os.version: &apos;10.0&apos;, java.version: &apos;21.0.8&apos;
Driver info: org.openqa.selenium.chrome.ChromeDriver
Command: [edf0bc86ccbd66e2ed917f9b3ad5619b, findElement {using=xpath, value=//span[contains(@class, &apos;ng-value-label&apos;) and normalize-space(text())=&apos;Parekh Pratham&apos;]/ancestor::ng-select}]
Capabilities {acceptInsecureCerts: false, browserName: chrome, browserVersion: 141.0.7390.78, chrome: {chromedriverVersion: 140.0.7339.185 (eeea00e459e..., userDataDir: C:\Users\LOCAL_~1.SIL\Temp\...}, fedcm:accounts: true, goog:chromeOptions: {debuggerAddress: localhost:60173}, networkConnectionEnabled: false, pageLoadStrategy: normal, platformName: windows, proxy: Proxy(), se:cdp: ws://localhost:60173/devtoo..., se:cdpVersion: 141.0.7390.78, setWindowRect: true, strictFileInteractability: false, timeouts: {implicit: 0, pageLoad: 300000, script: 30000}, unhandledPromptBehavior: dismiss and notify, webauthn:extension:credBlob: true, webauthn:extension:largeBlob: true, webauthn:extension:minPinLength: true, webauthn:extension:prf: true, webauthn:virtualAuthenticators: true}
Session ID: edf0bc86ccbd66e2ed917f9b3ad5619b
	at org.openqa.selenium.remote.ErrorCodec.decode(ErrorCodec.java:167)
	at org.openqa.selenium.remote.codec.w3c.W3CHttpResponseCodec.decode(W3CHttpResponseCodec.java:138)
	at org.openqa.selenium.remote.codec.w3c.W3CHttpResponseCodec.decode(W3CHttpResponseCodec.java:50)
	at org.openqa.selenium.remote.HttpCommandExecutor.execute(HttpCommandExecutor.java:190)
	at org.openqa.selenium.remote.service.DriverCommandExecutor.invokeExecute(DriverCommandExecutor.java:216)
	at org.openqa.selenium.remote.service.DriverCommandExecutor.execute(DriverCommandExecutor.java:174)
	at org.openqa.selenium.remote.RemoteWebDriver.execute(RemoteWebDriver.java:527)
	at org.openqa.selenium.remote.ElementLocation$ElementFinder$2.findElement(ElementLocation.java:165)
	at org.openqa.selenium.remote.ElementLocation.findElement(ElementLocation.java:59)
	at org.openqa.selenium.remote.RemoteWebDriver.findElement(RemoteWebDriver.java:357)
	at org.openqa.selenium.remote.RemoteWebDriver.findElement(RemoteWebDriver.java:351)
	at org.openqa.selenium.support.pagefactory.DefaultElementLocator.findElement(DefaultElementLocator.java:68)
	at org.openqa.selenium.support.pagefactory.internal.LocatingElementHandler.invoke(LocatingElementHandler.java:38)
	at jdk.proxy2/jdk.proxy2.$Proxy35.isDisplayed(Unknown Source)
	at org.openqa.selenium.support.ui.ExpectedConditions.elementIfVisible(ExpectedConditions.java:304)
	at org.openqa.selenium.support.ui.ExpectedConditions$10.apply(ExpectedConditions.java:290)
	at org.openqa.selenium.support.ui.ExpectedConditions$10.apply(ExpectedConditions.java:287)
	at org.openqa.selenium.support.ui.ExpectedConditions$23.apply(ExpectedConditions.java:656)
	at org.openqa.selenium.support.ui.ExpectedConditions$23.apply(ExpectedConditions.java:652)
	at org.openqa.selenium.support.ui.FluentWait.until(FluentWait.java:203)
	at com.TimeAndFees.Actions.TimeActions.click_on_user_dropdown(TimeActions.java:165)
	at com.TimeAndFees.Stepdefinations.TimeStepDef.click_on_user_dropdown(TimeStepDef.java:72)
	at io.cucumber.java.Invoker.doInvoke(Invoker.java:66)
	at io.cucumber.java.Invoker.invoke(Invoker.java:24)
	at io.cucumber.java.AbstractGlueDefinition.invokeMethod(AbstractGlueDefinition.java:47)
	at io.cucumber.java.JavaStepDefinition.execute(JavaStepDefinition.java:29)
	at io.cucumber.core.runner.CoreStepDefinition.execute(CoreStepDefinition.java:66)
	at io.cucumber.core.runner.PickleStepDefinitionMatch.runStep(PickleStepDefinitionMatch.java:63)
	at io.cucumber.core.runner.ExecutionMode$1.execute(ExecutionMode.java:10)
	at io.cucumber.core.runner.TestStep.executeStep(TestStep.java:81)
	at io.cucumber.core.runner.TestStep.run(TestStep.java:53)
	at io.cucumber.core.runner.PickleStepTestStep.run(PickleStepTestStep.java:51)
	at io.cucumber.core.runner.TestCase.run(TestCase.java:84)
	at io.cucumber.core.runner.Runner.runPickle(Runner.java:75)
	at io.cucumber.testng.TestNGCucumberRunner.lambda$runScenario$1(TestNGCucumberRunner.java:132)
	at io.cucumber.core.runtime.CucumberExecutionContext.lambda$runTestCase$5(CucumberExecutionContext.java:136)
	at io.cucumber.core.runtime.RethrowingThrowableCollector.executeAndThrow(RethrowingThrowableCollector.java:23)
	at io.cucumber.core.runtime.CucumberExecutionContext.runTestCase(CucumberExecutionContext.java:136)
	at io.cucumber.testng.TestNGCucumberRunner.runScenario(TestNGCucumberRunner.java:129)
	at io.cucumber.testng.AbstractTestNGCucumberTests.runScenario(AbstractTestNGCucumberTests.java:35)
	at java.base/java.util.concurrent.Executors$RunnableAdapter.call(Executors.java:572)
	at java.base/java.util.concurrent.FutureTask.run(FutureTask.java:317)
	at java.base/java.util.concurrent.ThreadPoolExecutor.runWorker(ThreadPoolExecutor.java:1144)
	at java.base/java.util.concurrent.ThreadPoolExecutor$Worker.run(ThreadPoolExecutor.java:642)
	at java.base/java.lang.Thread.run(Thread.java:1583)
... Removed 16 stack frames</div></td></tr></table><p class="totop"><a href="#summary">back to summary</a></p>
<h3 id="m2">com.TimeAndFees.RunnerFiles.TimeAndFees_Time_Runner#runScenario</h3><table class="result"><tr class="param"><th>Parameter #1</th><th>Parameter #2</th></tr><tr class="param stripe"><td>&quot;Creation of time and verify&quot;</td><td>&quot;TimeandFees time tab&quot;</td></tr><tr><th colspan="2">Exception</th></tr><tr><td colspan="2"><div class="stacktrace">java.lang.AssertionError: Exception during time verification: Expected condition failed: waiting for presence of element located by: By.xpath: //tr[contains(.,&apos;Enterprise design - SUB 1&apos;)] (tried for 10 second(s) with 500 milliseconds interval)
	at com.TimeAndFees.Actions.TimeActions.verify_time_is_created_or_not(TimeActions.java:157)
	at com.TimeAndFees.Stepdefinations.TimeStepDef.verify_time_is_created_or_not(TimeStepDef.java:65)
	at ✽.verify time is created or not(file:///C:/Users/satishkumar.silphoz/Documents/2024Automation/Master/TimeAndFees/src/test/resources/TimeAndFees_FeatuteFiles/TimeFeature.feature:16)
... Removed 1 stack frames</div></td></tr></table><p class="totop"><a href="#summary">back to summary</a></p>
<h3 id="m3">com.TimeAndFees.RunnerFiles.TimeAndFees_AccountMenu_Runner#runScenario</h3><table class="result"><tr class="param"><th>Parameter #1</th><th>Parameter #2</th></tr><tr class="param stripe"><td>&quot;Validate history panel in activity&quot;</td><td>&quot;TimeandFees Account menu section&quot;</td></tr></table><p class="totop"><a href="#summary">back to summary</a></p>
<h3 id="m4">com.TimeAndFees.RunnerFiles.TimeAndFees_AccountMenu_Runner#runScenario</h3><table class="result"><tr class="param"><th>Parameter #1</th><th>Parameter #2</th></tr><tr class="param stripe"><td>&quot;validating serach functionality in activity page&quot;</td><td>&quot;TimeandFees Account menu section&quot;</td></tr></table><p class="totop"><a href="#summary">back to summary</a></p>
<h3 id="m5">com.TimeAndFees.RunnerFiles.TimeAndFees_AccountMenu_Runner#runScenario</h3><table class="result"><tr class="param"><th>Parameter #1</th><th>Parameter #2</th></tr><tr class="param stripe"><td>&quot;validating all dropdown functionality in activity page&quot;</td><td>&quot;TimeandFees Account menu section&quot;</td></tr></table><p class="totop"><a href="#summary">back to summary</a></p>
<h3 id="m6">com.TimeAndFees.RunnerFiles.TimeAndFees_Manage_Runner#runScenario</h3><table class="result"><tr class="param"><th>Parameter #1</th><th>Parameter #2</th></tr><tr class="param stripe"><td>&quot;Edit client&quot;</td><td>&quot;Manage&quot;</td></tr></table><p class="totop"><a href="#summary">back to summary</a></p>
<h3 id="m7">com.TimeAndFees.RunnerFiles.TimeAndFees_Manage_Runner#runScenario</h3><table class="result"><tr class="param"><th>Parameter #1</th><th>Parameter #2</th></tr><tr class="param stripe"><td>&quot;grid action&quot;</td><td>&quot;Manage&quot;</td></tr></table><p class="totop"><a href="#summary">back to summary</a></p>
</body>
</html>
